<?xml version="1.0" encoding="UTF-8"?>
<!-- Generated by org.testng.reporters.JUnitReportReporter -->
<testsuite hostname="DESKTOP-NRQJBIJ" failures="0" tests="1" name="com.api.petstore.testcases.GetDataTest" time="5.600" errors="0" timestamp="2023-05-27T22:46:13 IST" skipped="0">
  <testcase classname="com.api.petstore.testcases.GetDataTest" name="testGetUserData" time="5.600"/>
  <system-out/>
</testsuite> <!-- com.api.petstore.testcases.GetDataTest -->
