<?xml version="1.0" encoding="UTF-8"?>
<!-- Generated by org.testng.reporters.JUnitReportReporter -->
<testsuite hostname="DESKTOP-NRQJBIJ" failures="0" tests="1" name="com.api.petstore.testcases.DeleteDataTest" time="3.326" errors="0" timestamp="2023-05-27T22:46:13 IST" skipped="0">
  <testcase classname="com.api.petstore.testcases.DeleteDataTest" name="testDeleteUser" time="3.326"/>
  <system-out/>
</testsuite> <!-- com.api.petstore.testcases.DeleteDataTest -->
